[2026-03-28 23:33:20,089] 1025 httpx - INFO - HTTP Request: GET https://dagshub.com/api/v1/user "HTTP/1.1 200 OK"
[2026-03-28 23:33:20,093] 107 dagshub - INFO - Accessing as diallisouleyman78
[2026-03-28 23:33:21,727] 1025 httpx - INFO - HTTP Request: GET https://dagshub.com/api/v1/repos/diallisouleyman78/networksecurity "HTTP/1.1 200 OK"
[2026-03-28 23:33:23,048] 1025 httpx - INFO - HTTP Request: GET https://dagshub.com/api/v1/user "HTTP/1.1 200 OK"
[2026-03-28 23:33:23,049] 107 dagshub - INFO - Initialized MLflow to track repo "diallisouleyman78/networksecurity"
[2026-03-28 23:33:23,050] 107 dagshub - INFO - Repository diallisouleyman78/networksecurity initialized!
[2026-03-28 23:33:41,468] 39 root - INFO - Starting data ingestion
[2026-03-28 23:33:47,570] 64 root - INFO - Performed train test split on the data
[2026-03-28 23:33:47,570] 65 root - INFO - Exited split_data_as_train_test method of DataIngestion class
[2026-03-28 23:33:47,571] 71 root - INFO - Saving the train and test data in the ingested directory
[2026-03-28 23:33:47,644] 77 root - INFO - Saved the train and test data in the ingested directory
[2026-03-28 23:33:47,645] 42 root - INFO - Data ingestion completed and artifact: DataIngestionArtifact(train_file_path='Artifact/2026_03_28_23_33_13/data_ingestion/ingested/train.csv', test_file_path='Artifact/2026_03_28_23_33_13/data_ingestion/ingested/test.csv')
[2026-03-28 23:33:47,860] 52 root - INFO - Initiating data transformation
[2026-03-28 23:33:47,860] 54 root - INFO - Reading validated train and test data
[2026-03-28 23:33:47,882] 39 root - INFO - Entered get_data_transformer_object method of DataTransformation class
[2026-03-28 23:33:47,882] 42 root - INFO - initialized knn imputer
[2026-03-28 23:33:47,894] 50 root - INFO - Object saved to file: Artifact/2026_03_28_23_33_13/data_transformation/transformed_object/preprocessing.pkl
[2026-03-28 23:33:47,896] 50 root - INFO - Object saved to file: final_model/preprocessor.pkl
[2026-03-28 23:34:21,938] 50 root - INFO - Object saved to file: Artifact/2026_03_28_23_33_13/model_trainer/trained_model/model.pkl
[2026-03-28 23:34:21,938] 50 root - INFO - Object saved to file: final_model/model.pkl
[2026-03-28 23:34:21,938] 129 root - INFO - Best model found on both training and testing dataset: Logistic Regression with test score: {'test_score': 0.7178565312749043}
