[2026-03-24 19:28:10,861] 1025 httpx - INFO - HTTP Request: GET https://dagshub.com/api/v1/user "HTTP/1.1 200 OK"
[2026-03-24 19:28:10,896] 107 dagshub - INFO - Accessing as diallisouleyman78
[2026-03-24 19:28:12,514] 1025 httpx - INFO - HTTP Request: GET https://dagshub.com/api/v1/repos/diallisouleyman78/networksecurity "HTTP/1.1 200 OK"
[2026-03-24 19:28:14,411] 1025 httpx - INFO - HTTP Request: GET https://dagshub.com/api/v1/user "HTTP/1.1 200 OK"
[2026-03-24 19:28:14,423] 107 dagshub - INFO - Initialized MLflow to track repo "diallisouleyman78/networksecurity"
[2026-03-24 19:28:14,429] 107 dagshub - INFO - Repository diallisouleyman78/networksecurity initialized!
[2026-03-24 19:28:38,150] 37 root - INFO - Starting data ingestion
[2026-03-24 19:30:05,964] 64 root - INFO - Performed train test split on the data
[2026-03-24 19:30:05,965] 65 root - INFO - Exited split_data_as_train_test method of DataIngestion class
[2026-03-24 19:30:05,965] 71 root - INFO - Saving the train and test data in the ingested directory
[2026-03-24 19:30:06,045] 77 root - INFO - Saved the train and test data in the ingested directory
[2026-03-24 19:30:06,045] 40 root - INFO - Data ingestion completed and artifact: DataIngestionArtifact(train_file_path='Artifact/2026_03_24_19_28_03/data_ingestion/ingested/train.csv', test_file_path='Artifact/2026_03_24_19_28_03/data_ingestion/ingested/test.csv')
[2026-03-24 19:30:06,286] 52 root - INFO - Initiating data transformation
[2026-03-24 19:30:06,286] 54 root - INFO - Reading validated train and test data
[2026-03-24 19:30:06,309] 39 root - INFO - Entered get_data_transformer_object method of DataTransformation class
[2026-03-24 19:30:06,309] 42 root - INFO - initialized knn imputer
[2026-03-24 19:30:06,328] 50 root - INFO - Object saved to file: Artifact/2026_03_24_19_28_03/data_transformation/transformed_object/preprocessing.pkl
[2026-03-24 19:30:06,338] 50 root - INFO - Object saved to file: final_model/preprocessor.pkl
[2026-03-24 19:30:49,003] 50 root - INFO - Object saved to file: Artifact/2026_03_24_19_28_03/model_trainer/trained_model/model.pkl
[2026-03-24 19:30:49,024] 50 root - INFO - Object saved to file: final_model/model.pkl
[2026-03-24 19:30:49,024] 129 root - INFO - Best model found on both training and testing dataset: Logistic Regression with test score: {'test_score': 0.7178565312749043}
